<?xml version="1.0" encoding="UTF-8"?>
<!-- Generated by org.testng.reporters.JUnitReportReporter -->
<testsuite hostname="DESKTOP-HSAPT3H" failures="0" tests="3" name="tests.RouteSearchTest" time="20.459" errors="0" timestamp="2026-04-24T10:55:47 IST" skipped="0">
  <testcase classname="tests.RouteSearchTest" name="testMultipleRoutes" time="5.658"/>
  <testcase classname="tests.RouteSearchTest" name="testMultipleRoutes" time="6.481"/>
  <testcase classname="tests.RouteSearchTest" name="testMultipleRoutes" time="8.320"/>
</testsuite> <!-- tests.RouteSearchTest -->
