<?xml version="1.0" encoding="UTF-8"?>
<testng-results ignored="0" total="7" passed="6" failed="1" skipped="0">
  <reporter-output>
  </reporter-output>
  <suite started-at="2026-04-24T10:54:52 IST" name="FlightSuite" finished-at="2026-04-24T10:55:46 IST" duration-ms="54778">
    <groups>
    </groups>
    <test started-at="2026-04-24T10:54:52 IST" name="FlightTests" finished-at="2026-04-24T10:55:46 IST" duration-ms="54778">
      <class name="tests.FlightSelectionTest">
        <test-method is-config="true" signature="setup()[pri:0, instance:tests.FlightSelectionTest@139982de]" started-at="2026-04-24T10:55:03 IST" name="setup" finished-at="2026-04-24T10:55:07 IST" duration-ms="3936" status="PASS">
          <reporter-output>
          </reporter-output>
        </test-method> <!-- setup -->
        <test-method signature="testFlightSelection()[pri:0, instance:tests.FlightSelectionTest@139982de]" started-at="2026-04-24T10:55:07 IST" name="testFlightSelection" finished-at="2026-04-24T10:55:10 IST" duration-ms="2967" status="PASS">
          <reporter-output>
          </reporter-output>
        </test-method> <!-- testFlightSelection -->
        <test-method is-config="true" signature="tearDown()[pri:0, instance:tests.FlightSelectionTest@139982de]" started-at="2026-04-24T10:55:10 IST" name="tearDown" finished-at="2026-04-24T10:55:10 IST" duration-ms="268" status="PASS">
          <reporter-output>
          </reporter-output>
        </test-method> <!-- tearDown -->
      </class> <!-- tests.FlightSelectionTest -->
      <class name="tests.ValidationTest">
        <test-method is-config="true" signature="setup()[pri:0, instance:tests.ValidationTest@7dcf94f8]" started-at="2026-04-24T10:55:41 IST" name="setup" finished-at="2026-04-24T10:55:44 IST" duration-ms="3261" status="PASS">
          <reporter-output>
          </reporter-output>
        </test-method> <!-- setup -->
        <test-method signature="testEmptyNameValidation()[pri:0, instance:tests.ValidationTest@7dcf94f8]" started-at="2026-04-24T10:55:44 IST" name="testEmptyNameValidation" finished-at="2026-04-24T10:55:45 IST" duration-ms="1426" status="FAIL">
          <exception class="org.openqa.selenium.NoSuchElementException">
            <message>
              <![CDATA[no such element: Unable to locate element: {"method":"css selector","selector":"#inputName"}
  (Session info: chrome=147.0.7727.103)
For documentation on this error, please visit: https://www.selenium.dev/documentation/webdriver/troubleshooting/errors#no-such-element-exception
Build info: version: '4.21.0', revision: '79ed462ef4'
System info: os.name: 'Windows 11', os.arch: 'amd64', os.version: '10.0', java.version: '17.0.12'
Driver info: org.openqa.selenium.chrome.ChromeDriver
Command: [24bbd9ac28f6e4d65564ee264c401955, findElement {using=id, value=inputName}]
Capabilities {acceptInsecureCerts: false, browserName: chrome, browserVersion: 147.0.7727.103, chrome: {chromedriverVersion: 147.0.7727.117 (474cc805edd..., userDataDir: C:\Users\manas\AppData\Loca...}, fedcm:accounts: true, goog:chromeOptions: {debuggerAddress: localhost:63898}, goog:processID: 32144, networkConnectionEnabled: false, pageLoadStrategy: normal, platformName: windows, proxy: Proxy(), se:cdp: ws://localhost:63898/devtoo..., se:cdpVersion: 147.0.7727.103, setWindowRect: true, strictFileInteractability: false, timeouts: {implicit: 0, pageLoad: 300000, script: 30000}, unhandledPromptBehavior: dismiss and notify, webauthn:extension:credBlob: true, webauthn:extension:largeBlob: true, webauthn:extension:minPinLength: true, webauthn:extension:prf: true, webauthn:virtualAuthenticators: true}
Session ID: 24bbd9ac28f6e4d65564ee264c401955]]>
            </message>
            <full-stacktrace>
              <![CDATA[org.openqa.selenium.NoSuchElementException: no such element: Unable to locate element: {"method":"css selector","selector":"#inputName"}
  (Session info: chrome=147.0.7727.103)
For documentation on this error, please visit: https://www.selenium.dev/documentation/webdriver/troubleshooting/errors#no-such-element-exception
Build info: version: '4.21.0', revision: '79ed462ef4'
System info: os.name: 'Windows 11', os.arch: 'amd64', os.version: '10.0', java.version: '17.0.12'
Driver info: org.openqa.selenium.chrome.ChromeDriver
Command: [24bbd9ac28f6e4d65564ee264c401955, findElement {using=id, value=inputName}]
Capabilities {acceptInsecureCerts: false, browserName: chrome, browserVersion: 147.0.7727.103, chrome: {chromedriverVersion: 147.0.7727.117 (474cc805edd..., userDataDir: C:\Users\manas\AppData\Loca...}, fedcm:accounts: true, goog:chromeOptions: {debuggerAddress: localhost:63898}, goog:processID: 32144, networkConnectionEnabled: false, pageLoadStrategy: normal, platformName: windows, proxy: Proxy(), se:cdp: ws://localhost:63898/devtoo..., se:cdpVersion: 147.0.7727.103, setWindowRect: true, strictFileInteractability: false, timeouts: {implicit: 0, pageLoad: 300000, script: 30000}, unhandledPromptBehavior: dismiss and notify, webauthn:extension:credBlob: true, webauthn:extension:largeBlob: true, webauthn:extension:minPinLength: true, webauthn:extension:prf: true, webauthn:virtualAuthenticators: true}
Session ID: 24bbd9ac28f6e4d65564ee264c401955
at java.base/jdk.internal.reflect.NativeConstructorAccessorImpl.newInstance0(Native Method)
at java.base/jdk.internal.reflect.NativeConstructorAccessorImpl.newInstance(NativeConstructorAccessorImpl.java:77)
at java.base/jdk.internal.reflect.DelegatingConstructorAccessorImpl.newInstance(DelegatingConstructorAccessorImpl.java:45)
at java.base/java.lang.reflect.Constructor.newInstanceWithCaller(Constructor.java:499)
at java.base/java.lang.reflect.Constructor.newInstance(Constructor.java:480)
at org.openqa.selenium.remote.ErrorCodec.decode(ErrorCodec.java:167)
at org.openqa.selenium.remote.codec.w3c.W3CHttpResponseCodec.decode(W3CHttpResponseCodec.java:138)
at org.openqa.selenium.remote.codec.w3c.W3CHttpResponseCodec.decode(W3CHttpResponseCodec.java:50)
at org.openqa.selenium.remote.HttpCommandExecutor.execute(HttpCommandExecutor.java:190)
at org.openqa.selenium.remote.service.DriverCommandExecutor.invokeExecute(DriverCommandExecutor.java:216)
at org.openqa.selenium.remote.service.DriverCommandExecutor.execute(DriverCommandExecutor.java:174)
at org.openqa.selenium.remote.RemoteWebDriver.execute(RemoteWebDriver.java:518)
at org.openqa.selenium.remote.ElementLocation$ElementFinder$2.findElement(ElementLocation.java:165)
at org.openqa.selenium.remote.ElementLocation.findElement(ElementLocation.java:66)
at org.openqa.selenium.remote.RemoteWebDriver.findElement(RemoteWebDriver.java:355)
at org.openqa.selenium.remote.RemoteWebDriver.findElement(RemoteWebDriver.java:349)
at base.BasePage.type(BasePage.java:21)
at pages.PurchasePage.completePurchase(PurchasePage.java:35)
at tests.ValidationTest.testEmptyNameValidation(ValidationTest.java:22)
at java.base/jdk.internal.reflect.NativeMethodAccessorImpl.invoke0(Native Method)
at java.base/jdk.internal.reflect.NativeMethodAccessorImpl.invoke(NativeMethodAccessorImpl.java:77)
at java.base/jdk.internal.reflect.DelegatingMethodAccessorImpl.invoke(DelegatingMethodAccessorImpl.java:43)
at java.base/java.lang.reflect.Method.invoke(Method.java:568)
at org.testng.internal.invokers.MethodInvocationHelper.invokeMethod(MethodInvocationHelper.java:141)
at org.testng.internal.invokers.TestInvoker.invokeMethod(TestInvoker.java:686)
at org.testng.internal.invokers.TestInvoker.invokeTestMethod(TestInvoker.java:230)
at org.testng.internal.invokers.MethodRunner.runInSequence(MethodRunner.java:63)
at org.testng.internal.invokers.TestInvoker$MethodInvocationAgent.invoke(TestInvoker.java:992)
at org.testng.internal.invokers.TestInvoker.invokeTestMethods(TestInvoker.java:203)
at org.testng.internal.invokers.TestMethodWorker.invokeTestMethods(TestMethodWorker.java:154)
at org.testng.internal.invokers.TestMethodWorker.run(TestMethodWorker.java:134)
at java.base/java.util.ArrayList.forEach(ArrayList.java:1511)
at org.testng.TestRunner.privateRun(TestRunner.java:739)
at org.testng.TestRunner.run(TestRunner.java:614)
at org.testng.SuiteRunner.runTest(SuiteRunner.java:421)
at org.testng.SuiteRunner.runSequentially(SuiteRunner.java:413)
at org.testng.SuiteRunner.privateRun(SuiteRunner.java:373)
at org.testng.SuiteRunner.run(SuiteRunner.java:312)
at org.testng.SuiteRunnerWorker.runSuite(SuiteRunnerWorker.java:52)
at org.testng.SuiteRunnerWorker.run(SuiteRunnerWorker.java:95)
at org.testng.TestNG.runSuitesSequentially(TestNG.java:1274)
at org.testng.TestNG.runSuitesLocally(TestNG.java:1208)
at org.testng.TestNG.runSuites(TestNG.java:1112)
at org.testng.TestNG.run(TestNG.java:1079)
at org.testng.remote.AbstractRemoteTestNG.run(AbstractRemoteTestNG.java:115)
at org.testng.remote.RemoteTestNG.initAndRun(RemoteTestNG.java:293)
at org.testng.remote.RemoteTestNG.main(RemoteTestNG.java:91)
]]>
            </full-stacktrace>
          </exception> <!-- org.openqa.selenium.NoSuchElementException -->
          <reporter-output>
          </reporter-output>
        </test-method> <!-- testEmptyNameValidation -->
        <test-method is-config="true" signature="tearDown()[pri:0, instance:tests.ValidationTest@7dcf94f8]" started-at="2026-04-24T10:55:46 IST" name="tearDown" finished-at="2026-04-24T10:55:46 IST" duration-ms="426" status="PASS">
          <reporter-output>
          </reporter-output>
        </test-method> <!-- tearDown -->
      </class> <!-- tests.ValidationTest -->
      <class name="tests.FlightSearchTest">
        <test-method is-config="true" signature="setup()[pri:0, instance:tests.FlightSearchTest@5e0e82ae]" started-at="2026-04-24T10:54:52 IST" name="setup" finished-at="2026-04-24T10:54:58 IST" duration-ms="6256" status="PASS">
          <reporter-output>
          </reporter-output>
        </test-method> <!-- setup -->
        <test-method signature="testFlightSearch()[pri:0, instance:tests.FlightSearchTest@5e0e82ae]" started-at="2026-04-24T10:54:58 IST" name="testFlightSearch" finished-at="2026-04-24T10:55:00 IST" duration-ms="2285" status="PASS">
          <reporter-output>
          </reporter-output>
        </test-method> <!-- testFlightSearch -->
        <test-method is-config="true" signature="tearDown()[pri:0, instance:tests.FlightSearchTest@5e0e82ae]" started-at="2026-04-24T10:55:00 IST" name="tearDown" finished-at="2026-04-24T10:55:03 IST" duration-ms="2832" status="PASS">
          <reporter-output>
          </reporter-output>
        </test-method> <!-- tearDown -->
      </class> <!-- tests.FlightSearchTest -->
      <class name="tests.RouteSearchTest">
        <test-method is-config="true" signature="setup()[pri:0, instance:tests.RouteSearchTest@217ed35e]" started-at="2026-04-24T10:55:20 IST" name="setup" finished-at="2026-04-24T10:55:25 IST" duration-ms="4954" status="PASS">
          <reporter-output>
          </reporter-output>
        </test-method> <!-- setup -->
        <test-method signature="testMultipleRoutes(java.lang.String,java.lang.String)[pri:0, instance:tests.RouteSearchTest@217ed35e]" started-at="2026-04-24T10:55:25 IST" name="testMultipleRoutes" data-provider="routes" finished-at="2026-04-24T10:55:26 IST" duration-ms="990" status="PASS">
          <params>
            <param index="0">
              <value>
                <![CDATA[Boston]]>
              </value>
            </param>
            <param index="1">
              <value>
                <![CDATA[London]]>
              </value>
            </param>
          </params>
          <reporter-output>
          </reporter-output>
        </test-method> <!-- testMultipleRoutes -->
        <test-method is-config="true" signature="tearDown()[pri:0, instance:tests.RouteSearchTest@217ed35e]" started-at="2026-04-24T10:55:26 IST" name="tearDown" finished-at="2026-04-24T10:55:28 IST" duration-ms="1848" status="PASS">
          <reporter-output>
          </reporter-output>
        </test-method> <!-- tearDown -->
        <test-method is-config="true" signature="setup()[pri:0, instance:tests.RouteSearchTest@217ed35e]" started-at="2026-04-24T10:55:28 IST" name="setup" finished-at="2026-04-24T10:55:31 IST" duration-ms="2695" status="PASS">
          <reporter-output>
          </reporter-output>
        </test-method> <!-- setup -->
        <test-method signature="testMultipleRoutes(java.lang.String,java.lang.String)[pri:0, instance:tests.RouteSearchTest@217ed35e]" started-at="2026-04-24T10:55:31 IST" name="testMultipleRoutes" data-provider="routes" finished-at="2026-04-24T10:55:33 IST" duration-ms="1908" status="PASS">
          <params>
            <param index="0">
              <value>
                <![CDATA[Paris]]>
              </value>
            </param>
            <param index="1">
              <value>
                <![CDATA[Rome]]>
              </value>
            </param>
          </params>
          <reporter-output>
          </reporter-output>
        </test-method> <!-- testMultipleRoutes -->
        <test-method is-config="true" signature="tearDown()[pri:0, instance:tests.RouteSearchTest@217ed35e]" started-at="2026-04-24T10:55:33 IST" name="tearDown" finished-at="2026-04-24T10:55:34 IST" duration-ms="1437" status="PASS">
          <reporter-output>
          </reporter-output>
        </test-method> <!-- tearDown -->
        <test-method is-config="true" signature="setup()[pri:0, instance:tests.RouteSearchTest@217ed35e]" started-at="2026-04-24T10:55:34 IST" name="setup" finished-at="2026-04-24T10:55:38 IST" duration-ms="3643" status="PASS">
          <reporter-output>
          </reporter-output>
        </test-method> <!-- setup -->
        <test-method signature="testMultipleRoutes(java.lang.String,java.lang.String)[pri:0, instance:tests.RouteSearchTest@217ed35e]" started-at="2026-04-24T10:55:38 IST" name="testMultipleRoutes" data-provider="routes" finished-at="2026-04-24T10:55:40 IST" duration-ms="1929" status="PASS">
          <params>
            <param index="0">
              <value>
                <![CDATA[Mexico City]]>
              </value>
            </param>
            <param index="1">
              <value>
                <![CDATA[New York]]>
              </value>
            </param>
          </params>
          <reporter-output>
          </reporter-output>
        </test-method> <!-- testMultipleRoutes -->
        <test-method is-config="true" signature="tearDown()[pri:0, instance:tests.RouteSearchTest@217ed35e]" started-at="2026-04-24T10:55:40 IST" name="tearDown" finished-at="2026-04-24T10:55:41 IST" duration-ms="1055" status="PASS">
          <reporter-output>
          </reporter-output>
        </test-method> <!-- tearDown -->
      </class> <!-- tests.RouteSearchTest -->
      <class name="tests.PurchaseTest">
        <test-method is-config="true" signature="setup()[pri:0, instance:tests.PurchaseTest@682b2fa]" started-at="2026-04-24T10:55:10 IST" name="setup" finished-at="2026-04-24T10:55:15 IST" duration-ms="4995" status="PASS">
          <reporter-output>
          </reporter-output>
        </test-method> <!-- setup -->
        <test-method signature="testFlightBooking()[pri:0, instance:tests.PurchaseTest@682b2fa]" started-at="2026-04-24T10:55:15 IST" name="testFlightBooking" finished-at="2026-04-24T10:55:20 IST" duration-ms="4612" status="PASS">
          <reporter-output>
          </reporter-output>
        </test-method> <!-- testFlightBooking -->
        <test-method is-config="true" signature="tearDown()[pri:0, instance:tests.PurchaseTest@682b2fa]" started-at="2026-04-24T10:55:20 IST" name="tearDown" finished-at="2026-04-24T10:55:20 IST" duration-ms="340" status="PASS">
          <reporter-output>
          </reporter-output>
        </test-method> <!-- tearDown -->
      </class> <!-- tests.PurchaseTest -->
    </test> <!-- FlightTests -->
  </suite> <!-- FlightSuite -->
</testng-results>
